{
    "code": "0",
    "message": "错误日志",
    "list": [
        {
            "title": "The Lord's Day | 2021.5.30",
            "name": "F:\\yanyue404\\node-crawler\\docs\\mpvoice\\The Lord's Day ! 2021.5.30\\063 来向主歌唱.mp3",
            "img": "图片地址没有获取到，请查验是否正常"
        },
        {
            "title": "主日敬拜 | 主后2021年2月28日",
            "name": "F:\\yanyue404\\node-crawler\\docs\\mpvoice\\主日敬拜 ! 主后2021年2月28日\\063 来向主歌唱.mp3",
            "img": "图片地址没有获取到，请查验是否正常"
        },
        {
            "title": "主日敬拜 | 主后2020年11月8日",
            "name": "F:\\yanyue404\\node-crawler\\docs\\mpvoice\\主日敬拜 ! 主后2020年11月8日\\063 来向主歌唱.mp3",
            "img": "图片地址没有获取到，请查验是否正常"
        },
        {
            "title": "主日敬拜 | 主后2020年10月4日",
            "name": "F:\\yanyue404\\node-crawler\\docs\\mpvoice\\主日敬拜 ! 主后2020年10月4日\\063 来向主歌唱.mp3",
            "img": "图片地址没有获取到，请查验是否正常"
        },
        {
            "title": "主日敬拜 | 主后2020年12月6日",
            "name": "F:\\yanyue404\\node-crawler\\docs\\mpvoice\\主日敬拜 ! 主后2020年12月6日\\诸天述说.mp3",
            "img": "图片地址没有获取到，请查验是否正常"
        },
        {
            "title": "主日敬拜 | 主后2021年4月18日",
            "name": "F:\\yanyue404\\node-crawler\\docs\\mpvoice\\主日敬拜 ! 主后2021年4月18日\\063 来向主歌唱.mp3",
            "img": "图片地址没有获取到，请查验是否正常"
        }
    ]
}